<?xml version="1.0" encoding="UTF-8"?>
<testng-results skipped="0" failed="0" ignored="0" total="1" passed="1">
  <reporter-output>
  </reporter-output>
  <suite name="Suite" duration-ms="77577" started-at="2019-09-10T06:56:24Z" finished-at="2019-09-10T06:57:42Z">
    <groups>
    </groups>
    <test name="Login" duration-ms="77577" started-at="2019-09-10T06:56:24Z" finished-at="2019-09-10T06:57:42Z">
      <class name="agile.projecttestcases.Login">
        <test-method status="PASS" signature="beforeSuite()[pri:0, instance:agile.projecttestcases.Login@1814d18]" name="beforeSuite" is-config="true" duration-ms="1010" started-at="2019-09-10T06:56:23Z" finished-at="2019-09-10T06:56:24Z">
          <reporter-output>
          </reporter-output>
        </test-method> <!-- beforeSuite -->
        <test-method status="PASS" signature="setData(java.lang.String)[pri:0, instance:agile.projecttestcases.Login@1814d18]" name="setData" is-config="true" duration-ms="6" started-at="2019-09-10T06:56:24Z" finished-at="2019-09-10T06:56:24Z">
          <params>
            <param index="0">
              <value>
                <![CDATA[AgileLogin]]>
              </value>
            </param>
          </params>
          <reporter-output>
          </reporter-output>
        </test-method> <!-- setData -->
        <test-method status="PASS" signature="beforeClass()[pri:0, instance:agile.projecttestcases.Login@1814d18]" name="beforeClass" is-config="true" duration-ms="5" started-at="2019-09-10T06:56:24Z" finished-at="2019-09-10T06:56:24Z">
          <reporter-output>
          </reporter-output>
        </test-method> <!-- beforeClass -->
        <test-method status="PASS" signature="beforeMethod()[pri:0, instance:agile.projecttestcases.Login@1814d18]" name="beforeMethod" is-config="true" duration-ms="57" started-at="2019-09-10T06:56:27Z" finished-at="2019-09-10T06:56:27Z">
          <reporter-output>
          </reporter-output>
        </test-method> <!-- beforeMethod -->
        <test-method status="PASS" signature="logintest(java.lang.String, java.lang.String, java.lang.String)[pri:0, instance:agile.projecttestcases.Login@1814d18]" name="logintest" duration-ms="74679" started-at="2019-09-10T06:56:27Z" data-provider="fetchData" finished-at="2019-09-10T06:57:41Z">
          <params>
            <param index="0">
              <value>
                <![CDATA[webdriver.chrome.driver]]>
              </value>
            </param>
            <param index="1">
              <value>
                <![CDATA[1303]]>
              </value>
            </param>
            <param index="2">
              <value>
                <![CDATA[Guru99]]>
              </value>
            </param>
          </params>
          <reporter-output>
          </reporter-output>
        </test-method> <!-- logintest -->
        <test-method status="PASS" signature="afterMethod()[pri:0, instance:agile.projecttestcases.Login@1814d18]" name="afterMethod" is-config="true" duration-ms="0" started-at="2019-09-10T06:57:41Z" finished-at="2019-09-10T06:57:41Z">
          <reporter-output>
          </reporter-output>
        </test-method> <!-- afterMethod -->
        <test-method status="PASS" signature="afterTest()[pri:0, instance:agile.projecttestcases.Login@1814d18]" name="afterTest" is-config="true" duration-ms="1" started-at="2019-09-10T06:57:42Z" finished-at="2019-09-10T06:57:42Z">
          <reporter-output>
          </reporter-output>
        </test-method> <!-- afterTest -->
        <test-method status="PASS" signature="afterSuite()[pri:0, instance:agile.projecttestcases.Login@1814d18]" name="afterSuite" is-config="true" duration-ms="1407" started-at="2019-09-10T06:57:46Z" finished-at="2019-09-10T06:57:47Z">
          <reporter-output>
          </reporter-output>
        </test-method> <!-- afterSuite -->
      </class> <!-- agile.projecttestcases.Login -->
    </test> <!-- Login -->
  </suite> <!-- Suite -->
</testng-results>
